c:\users\onbro\onedrive\desktop\sources\exlo-gs\exlo-gs\x64\release\exlo-gs.pch
c:\users\onbro\onedrive\desktop\sources\exlo-gs\exlo-gs\x64\release\vc145.pdb
c:\users\onbro\onedrive\desktop\sources\exlo-gs\exlo-gs\x64\release\pch.obj
c:\users\onbro\onedrive\desktop\sources\exlo-gs\exlo-gs\x64\release\dllmain.obj
c:\users\onbro\onedrive\desktop\sources\exlo-gs\exlo-gs\x64\release\gameplayabilities_functions.obj
c:\users\onbro\onedrive\desktop\sources\exlo-gs\exlo-gs\x64\release\fortnitegame_functions.obj
c:\users\onbro\onedrive\desktop\sources\exlo-gs\exlo-gs\x64\release\engine_functions.obj
c:\users\onbro\onedrive\desktop\sources\exlo-gs\exlo-gs\x64\release\coreuobject_functions.obj
c:\users\onbro\onedrive\desktop\sources\exlo-gs\exlo-gs\x64\release\basic.obj
c:\users\onbro\onedrive\desktop\sources\exlo-gs\exlo-gs\x64\release\player.obj
c:\users\onbro\onedrive\desktop\sources\exlo-gs\exlo-gs\x64\release\misc.obj
c:\users\onbro\onedrive\desktop\sources\exlo-gs\exlo-gs\x64\release\lategame.obj
c:\users\onbro\onedrive\desktop\sources\exlo-gs\exlo-gs\x64\release\inventory.obj
c:\users\onbro\onedrive\desktop\sources\exlo-gs\exlo-gs\x64\release\gamemode.obj
c:\users\onbro\onedrive\desktop\sources\exlo-gs\exlo-gs\x64\release\building.obj
c:\users\onbro\onedrive\desktop\sources\exlo-gs\exlo-gs\x64\release\abilities.obj
c:\users\onbro\onedrive\desktop\sources\exlo-gs\x64\release\exlo-gs.dll
c:\users\onbro\onedrive\desktop\sources\exlo-gs\x64\release\exlo-gs.pdb
c:\users\onbro\onedrive\desktop\sources\exlo-gs\exlo-gs\x64\release\exlo-gs.ipdb
c:\users\onbro\onedrive\desktop\sources\exlo-gs\exlo-gs\x64\release\exlo-gs.iobj
c:\users\onbro\onedrive\desktop\sources\exlo-gs\exlo-gs\x64\release\exlo-gs.tlog\cl.command.1.tlog
c:\users\onbro\onedrive\desktop\sources\exlo-gs\exlo-gs\x64\release\exlo-gs.tlog\cl.items.tlog
c:\users\onbro\onedrive\desktop\sources\exlo-gs\exlo-gs\x64\release\exlo-gs.tlog\cl.read.1.tlog
c:\users\onbro\onedrive\desktop\sources\exlo-gs\exlo-gs\x64\release\exlo-gs.tlog\cl.write.1.tlog
c:\users\onbro\onedrive\desktop\sources\exlo-gs\exlo-gs\x64\release\exlo-gs.tlog\link.command.1.tlog
c:\users\onbro\onedrive\desktop\sources\exlo-gs\exlo-gs\x64\release\exlo-gs.tlog\link.read.1.tlog
c:\users\onbro\onedrive\desktop\sources\exlo-gs\exlo-gs\x64\release\exlo-gs.tlog\link.secondary.1.tlog
c:\users\onbro\onedrive\desktop\sources\exlo-gs\exlo-gs\x64\release\exlo-gs.tlog\link.write.1.tlog
